#
# There is insufficient memory for the Java Runtime Environment to continue.
# Native memory allocation (malloc) failed to allocate 2157136 bytes for Chunk::new
# Possible reasons:
#   The system is out of physical RAM or swap space
#   The process is running with CompressedOops enabled, and the Java Heap may be blocking the growth of the native heap
# Possible solutions:
#   Reduce memory load on the system
#   Increase physical memory or swap space
#   Check if swap backing store is full
#   Decrease Java heap size (-Xmx/-Xms)
#   Decrease number of Java threads
#   Decrease Java thread stack sizes (-Xss)
#   Set larger code cache with -XX:ReservedCodeCacheSize=
#   JVM is running with Unscaled Compressed Oops mode in which the Java heap is
#     placed in the first 4GB address space. The Java Heap base address is the
#     maximum limit for the native heap growth. Please use -XX:HeapBaseMinAddress
#     to set the Java Heap base and to place the Java Heap above 4GB virtual address.
# This output file may be truncated or incomplete.
#
#  Out of Memory Error (allocation.cpp:389), pid=22420, tid=0x0000000000005e70
#
# JRE version: OpenJDK Runtime Environment (8.0_242-b01) (build 1.8.0_242-release-1644-b01)
# Java VM: OpenJDK 64-Bit Server VM (25.242-b01 mixed mode windows-amd64 compressed oops)
# Failed to write core dump. Minidumps are not enabled by default on client versions of Windows
#

---------------  T H R E A D  ---------------

Current thread (0x000000001844e800):  JavaThread "C2 CompilerThread1" daemon [_thread_in_native, id=24176, stack(0x0000000019b90000,0x0000000019c90000)]

Stack: [0x0000000019b90000,0x0000000019c90000]
[error occurred during error reporting (printing stack bounds), id 0xc0000005]

Native frames: (J=compiled Java code, j=interpreted, Vv=VM code, C=native code)


Current CompileTask:
C2:   7388 4504       4       com.sun.beans.TypeResolver::resolve (37 bytes)


---------------  P R O C E S S  ---------------

Java Threads: ( => current thread )
  0x000000001e958000 JavaThread "Cache worker for Build Output Cleanup Cache (C:\Users\HP\StudioProjects\peers-id\mobile-android\.gradle\buildOutputCleanup)" [_thread_blocked, id=3916, stack(0x0000000024760000,0x0000000024860000)]
  0x000000001e957000 JavaThread "Build operations Thread 12" [_thread_blocked, id=23864, stack(0x0000000024060000,0x0000000024160000)]
  0x000000001e94f800 JavaThread "Build operations Thread 11" [_thread_blocked, id=9132, stack(0x0000000023e60000,0x0000000023f60000)]
  0x000000001e950800 JavaThread "Build operations Thread 10" [_thread_blocked, id=24828, stack(0x0000000023d60000,0x0000000023e60000)]
  0x000000001e956800 JavaThread "Build operations Thread 9" [_thread_blocked, id=13196, stack(0x0000000023c60000,0x0000000023d60000)]
  0x000000001e955800 JavaThread "Build operations Thread 8" [_thread_blocked, id=18808, stack(0x0000000023b60000,0x0000000023c60000)]
  0x000000001e94e000 JavaThread "Build operations Thread 7" [_thread_blocked, id=10416, stack(0x0000000023a60000,0x0000000023b60000)]
  0x000000001e955000 JavaThread "Build operations Thread 6" [_thread_blocked, id=7540, stack(0x0000000023960000,0x0000000023a60000)]
  0x000000001e954000 JavaThread "Build operations Thread 5" [_thread_blocked, id=24824, stack(0x0000000023860000,0x0000000023960000)]
  0x000000001e94f000 JavaThread "Build operations Thread 4" [_thread_blocked, id=24096, stack(0x0000000023760000,0x0000000023860000)]
  0x000000001e953800 JavaThread "Build operations Thread 3" [_thread_blocked, id=14484, stack(0x0000000023660000,0x0000000023760000)]
  0x000000001e951000 JavaThread "Build operations Thread 2" [_thread_blocked, id=4504, stack(0x0000000023560000,0x0000000023660000)]
  0x000000001e952800 JavaThread "Build operations" [_thread_blocked, id=4848, stack(0x0000000023460000,0x0000000023560000)]
  0x000000001e952000 JavaThread "Cache worker for execution history cache (C:\Users\HP\.gradle\caches\5.6.4\executionHistory)" [_thread_blocked, id=20048, stack(0x0000000022190000,0x0000000022290000)]
  0x000000001becb000 JavaThread "Cache worker for cache directory md-rule (C:\Users\HP\.gradle\caches\5.6.4\md-rule)" [_thread_blocked, id=22804, stack(0x00000000205f0000,0x00000000206f0000)]
  0x000000001beca000 JavaThread "Cache worker for cache directory md-supplier (C:\Users\HP\.gradle\caches\5.6.4\md-supplier)" [_thread_blocked, id=12112, stack(0x0000000020350000,0x0000000020450000)]
  0x000000001becd000 JavaThread "Cache worker for file hash cache (C:\Users\HP\StudioProjects\peers-id\mobile-android\.gradle\5.6.4\fileHashes)" [_thread_blocked, id=23620, stack(0x00000000204f0000,0x00000000205f0000)]
  0x000000001bec9800 JavaThread "Cache worker for journal cache (C:\Users\HP\.gradle\caches\journal-1)" [_thread_blocked, id=15200, stack(0x000000001deb0000,0x000000001dfb0000)]
  0x000000001becc800 JavaThread "File lock request listener" [_thread_in_native, id=24444, stack(0x000000001ddb0000,0x000000001deb0000)]
  0x000000001bed6000 JavaThread "Cache worker for file hash cache (C:\Users\HP\.gradle\caches\5.6.4\fileHashes)" [_thread_blocked, id=7328, stack(0x000000001dcb0000,0x000000001ddb0000)]
  0x000000001bc12000 JavaThread "Thread-9" [_thread_blocked, id=15788, stack(0x000000001d9b0000,0x000000001dab0000)]
  0x000000001bc0f800 JavaThread "Stdin handler" [_thread_blocked, id=9536, stack(0x000000001d8b0000,0x000000001d9b0000)]
  0x000000001bc37000 JavaThread "Asynchronous log dispatcher for DefaultDaemonConnection: socket connection from /127.0.0.1:59553 to /127.0.0.1:59554" [_thread_blocked, id=24976, stack(0x000000001d7b0000,0x000000001d8b0000)]
  0x000000001bc33800 JavaThread "Daemon worker" [_thread_in_native, id=15588, stack(0x000000001d6b0000,0x000000001d7b0000)]
  0x000000001bc32800 JavaThread "Cancel handler" [_thread_blocked, id=24564, stack(0x000000001d5b0000,0x000000001d6b0000)]
  0x000000001bbec000 JavaThread "Handler for socket connection from /127.0.0.1:59553 to /127.0.0.1:59554" [_thread_in_native, id=2992, stack(0x000000001d2b0000,0x000000001d3b0000)]
  0x000000001bbe9800 JavaThread "Daemon" [_thread_blocked, id=15628, stack(0x000000001d1b0000,0x000000001d2b0000)]
  0x000000001bb7a000 JavaThread "Daemon periodic checks" [_thread_blocked, id=20052, stack(0x000000001d0b0000,0x000000001d1b0000)]
  0x000000001bb7e800 JavaThread "Incoming local TCP Connector on port 59553" [_thread_in_native, id=6844, stack(0x000000001ce70000,0x000000001cf70000)]
  0x000000001bada800 JavaThread "Daemon health stats" [_thread_blocked, id=22920, stack(0x000000001c830000,0x000000001c930000)]
  0x00000000184c9800 JavaThread "Service Thread" daemon [_thread_blocked, id=23564, stack(0x0000000019e90000,0x0000000019f90000)]
  0x0000000018456800 JavaThread "C1 CompilerThread3" daemon [_thread_blocked, id=22444, stack(0x0000000019d90000,0x0000000019e90000)]
  0x0000000018455000 JavaThread "C2 CompilerThread2" daemon [_thread_in_native, id=23856, stack(0x0000000019c90000,0x0000000019d90000)]
=>0x000000001844e800 JavaThread "C2 CompilerThread1" daemon [_thread_in_native, id=24176, stack(0x0000000019b90000,0x0000000019c90000)]
  0x0000000018448800 JavaThread "C2 CompilerThread0" daemon [_thread_in_native, id=24832, stack(0x0000000019a90000,0x0000000019b90000)]
  0x0000000018444000 JavaThread "Attach Listener" daemon [_thread_blocked, id=24392, stack(0x0000000019990000,0x0000000019a90000)]
  0x0000000018443000 JavaThread "Signal Dispatcher" daemon [_thread_blocked, id=18520, stack(0x0000000019890000,0x0000000019990000)]
  0x0000000002d9a000 JavaThread "Finalizer" daemon [_thread_blocked, id=22812, stack(0x0000000019690000,0x0000000019790000)]
  0x0000000018433000 JavaThread "Reference Handler" daemon [_thread_blocked, id=20476, stack(0x0000000019590000,0x0000000019690000)]
  0x000000000130e000 JavaThread "main" [_thread_blocked, id=23172, stack(0x0000000002ba0000,0x0000000002ca0000)]

Other Threads:
  0x0000000018412800 VMThread [stack: 0x0000000019490000,0x0000000019590000] [id=25376]
  0x00000000184ca800 WatcherThread [stack: 0x0000000019f90000,0x000000001a090000] [id=16076]

VM state:not at safepoint (normal execution)

VM Mutex/Monitor currently owned by a thread: None

heap address: 0x00000000a0000000, size: 1536 MB, Compressed Oops mode: 32-bit
Narrow klass base: 0x0000000000000000, Narrow klass shift: 3
Compressed class space size: 1073741824 Address: 0x0000000100000000

Heap:
 PSYoungGen      total 152064K, used 105262K [0x00000000e0000000, 0x00000000eb480000, 0x0000000100000000)
  eden space 140288K, 66% used [0x00000000e0000000,0x00000000e5b4e660,0x00000000e8900000)
  from space 11776K, 99% used [0x00000000ea900000,0x00000000eb47d508,0x00000000eb480000)
  to   space 13312K, 0% used [0x00000000e9a80000,0x00000000e9a80000,0x00000000ea780000)
 ParOldGen       total 162304K, used 17133K [0x00000000a0000000, 0x00000000a9e80000, 0x00000000e0000000)
  object space 162304K, 10% used [0x00000000a0000000,0x00000000a10bb728,0x00000000a9e80000)
 Metaspace       used 51273K, capacity 52762K, committed 52904K, reserved 1095680K
  class space    used 6841K, capacity 7227K, committed 7336K, reserved 1048576K

Card table byte_map: [0x0000000012160000,0x0000000012470000] byte_map_base: 0x0000000011c60000

Marking Bits: (ParMarkBitMap*) 0x000000007510f030
 Begin Bits: [0x0000000013070000, 0x0000000014870000)
 End Bits:   [0x0000000014870000, 0x0000000016070000)

Polling page: 0x00000000012b0000

CodeCache: size=245760Kb used=14625Kb max_used=14625Kb free=231134Kb
 bounds [0x0000000002da0000, 0x0000000003c00000, 0x0000000011da0000]
 total_blobs=5115 nmethods=4345 adapters=683
 compilation: enabled

Compilation events (10 events):
Event: 7.385 Thread 0x0000000018456800 4752       3       java.lang.invoke.MethodType::changeReturnType (20 bytes)
Event: 7.385 Thread 0x0000000018456800 nmethod 4752 0x0000000003bf1f90 code [0x0000000003bf2100, 0x0000000003bf2388]
Event: 7.385 Thread 0x0000000018456800 4753       1       java.lang.invoke.MethodHandleImpl$IntrinsicMethodHandle::getTarget (5 bytes)
Event: 7.385 Thread 0x0000000018456800 nmethod 4753 0x0000000003bddb10 code [0x0000000003bddc60, 0x0000000003bddd70]
Event: 7.385 Thread 0x0000000018456800 4754       3       org.gradle.api.internal.AbstractMutationGuard::withMutationDisabled (7 bytes)
Event: 7.385 Thread 0x0000000018456800 nmethod 4754 0x0000000003bf2410 code [0x0000000003bf2580, 0x0000000003bf27a8]
Event: 7.386 Thread 0x0000000018456800 4755       3       java.lang.invoke.Invokers::checkCustomized (20 bytes)
Event: 7.386 Thread 0x0000000018456800 nmethod 4755 0x0000000003bf2850 code [0x0000000003bf29c0, 0x0000000003bf2c68]
Event: 7.386 Thread 0x0000000018456800 4756       3       jdk.internal.org.objectweb.asm.ClassWriter::visitEnd (1 bytes)
Event: 7.386 Thread 0x0000000018456800 nmethod 4756 0x0000000003bf2d50 code [0x0000000003bf2ea0, 0x0000000003bf2ff0]

GC Heap History (10 events):
Event: 3.677 GC heap before
{Heap before GC invocations=6 (full 1):
 PSYoungGen      total 75776K, used 65024K [0x00000000e0000000, 0x00000000e9400000, 0x0000000100000000)
  eden space 65024K, 100% used [0x00000000e0000000,0x00000000e3f80000,0x00000000e3f80000)
  from space 10752K, 0% used [0x00000000e4a00000,0x00000000e4a00000,0x00000000e5480000)
  to   space 10752K, 0% used [0x00000000e3f80000,0x00000000e3f80000,0x00000000e4a00000)
 ParOldGen       total 99328K, used 7953K [0x00000000a0000000, 0x00000000a6100000, 0x00000000e0000000)
  object space 99328K, 8% used [0x00000000a0000000,0x00000000a07c45a0,0x00000000a6100000)
 Metaspace       used 29161K, capacity 29706K, committed 30080K, reserved 1075200K
  class space    used 3944K, capacity 4132K, committed 4224K, reserved 1048576K
Event: 3.681 GC heap after
Heap after GC invocations=6 (full 1):
 PSYoungGen      total 75776K, used 8201K [0x00000000e0000000, 0x00000000e7c00000, 0x0000000100000000)
  eden space 65024K, 0% used [0x00000000e0000000,0x00000000e0000000,0x00000000e3f80000)
  from space 10752K, 76% used [0x00000000e3f80000,0x00000000e4782418,0x00000000e4a00000)
  to   space 12288K, 0% used [0x00000000e7000000,0x00000000e7000000,0x00000000e7c00000)
 ParOldGen       total 99328K, used 7961K [0x00000000a0000000, 0x00000000a6100000, 0x00000000e0000000)
  object space 99328K, 8% used [0x00000000a0000000,0x00000000a07c65a0,0x00000000a6100000)
 Metaspace       used 29161K, capacity 29706K, committed 30080K, reserved 1075200K
  class space    used 3944K, capacity 4132K, committed 4224K, reserved 1048576K
}
Event: 4.164 GC heap before
{Heap before GC invocations=7 (full 1):
 PSYoungGen      total 75776K, used 73225K [0x00000000e0000000, 0x00000000e7c00000, 0x0000000100000000)
  eden space 65024K, 100% used [0x00000000e0000000,0x00000000e3f80000,0x00000000e3f80000)
  from space 10752K, 76% used [0x00000000e3f80000,0x00000000e4782418,0x00000000e4a00000)
  to   space 12288K, 0% used [0x00000000e7000000,0x00000000e7000000,0x00000000e7c00000)
 ParOldGen       total 99328K, used 7961K [0x00000000a0000000, 0x00000000a6100000, 0x00000000e0000000)
  object space 99328K, 8% used [0x00000000a0000000,0x00000000a07c65a0,0x00000000a6100000)
 Metaspace       used 31982K, capacity 32590K, committed 33024K, reserved 1077248K
  class space    used 4390K, capacity 4560K, committed 4608K, reserved 1048576K
Event: 4.174 GC heap after
Heap after GC invocations=7 (full 1):
 PSYoungGen      total 114688K, used 8668K [0x00000000e0000000, 0x00000000e7b80000, 0x0000000100000000)
  eden space 102912K, 0% used [0x00000000e0000000,0x00000000e0000000,0x00000000e6480000)
  from space 11776K, 73% used [0x00000000e7000000,0x00000000e7877170,0x00000000e7b80000)
  to   space 11776K, 0% used [0x00000000e6480000,0x00000000e6480000,0x00000000e7000000)
 ParOldGen       total 99328K, used 7969K [0x00000000a0000000, 0x00000000a6100000, 0x00000000e0000000)
  object space 99328K, 8% used [0x00000000a0000000,0x00000000a07c85a0,0x00000000a6100000)
 Metaspace       used 31982K, capacity 32590K, committed 33024K, reserved 1077248K
  class space    used 4390K, capacity 4560K, committed 4608K, reserved 1048576K
}
Event: 4.710 GC heap before
{Heap before GC invocations=8 (full 1):
 PSYoungGen      total 114688K, used 69464K [0x00000000e0000000, 0x00000000e7b80000, 0x0000000100000000)
  eden space 102912K, 59% used [0x00000000e0000000,0x00000000e3b5f1f8,0x00000000e6480000)
  from space 11776K, 73% used [0x00000000e7000000,0x00000000e7877170,0x00000000e7b80000)
  to   space 11776K, 0% used [0x00000000e6480000,0x00000000e6480000,0x00000000e7000000)
 ParOldGen       total 99328K, used 7969K [0x00000000a0000000, 0x00000000a6100000, 0x00000000e0000000)
  object space 99328K, 8% used [0x00000000a0000000,0x00000000a07c85a0,0x00000000a6100000)
 Metaspace       used 34559K, capacity 35464K, committed 35496K, reserved 1079296K
  class space    used 4755K, capacity 5009K, committed 5032K, reserved 1048576K
Event: 4.717 GC heap after
Heap after GC invocations=8 (full 1):
 PSYoungGen      total 114688K, used 9972K [0x00000000e0000000, 0x00000000eb480000, 0x0000000100000000)
  eden space 102912K, 0% used [0x00000000e0000000,0x00000000e0000000,0x00000000e6480000)
  from space 11776K, 84% used [0x00000000e6480000,0x00000000e6e3d2b0,0x00000000e7000000)
  to   space 11776K, 0% used [0x00000000ea900000,0x00000000ea900000,0x00000000eb480000)
 ParOldGen       total 99328K, used 7977K [0x00000000a0000000, 0x00000000a6100000, 0x00000000e0000000)
  object space 99328K, 8% used [0x00000000a0000000,0x00000000a07ca5a0,0x00000000a6100000)
 Metaspace       used 34559K, capacity 35464K, committed 35496K, reserved 1079296K
  class space    used 4755K, capacity 5009K, committed 5032K, reserved 1048576K
}
Event: 4.717 GC heap before
{Heap before GC invocations=9 (full 2):
 PSYoungGen      total 114688K, used 9972K [0x00000000e0000000, 0x00000000eb480000, 0x0000000100000000)
  eden space 102912K, 0% used [0x00000000e0000000,0x00000000e0000000,0x00000000e6480000)
  from space 11776K, 84% used [0x00000000e6480000,0x00000000e6e3d2b0,0x00000000e7000000)
  to   space 11776K, 0% used [0x00000000ea900000,0x00000000ea900000,0x00000000eb480000)
 ParOldGen       total 99328K, used 7977K [0x00000000a0000000, 0x00000000a6100000, 0x00000000e0000000)
  object space 99328K, 8% used [0x00000000a0000000,0x00000000a07ca5a0,0x00000000a6100000)
 Metaspace       used 34559K, capacity 35464K, committed 35496K, reserved 1079296K
  class space    used 4755K, capacity 5009K, committed 5032K, reserved 1048576K
Event: 4.790 GC heap after
Heap after GC invocations=9 (full 2):
 PSYoungGen      total 114688K, used 0K [0x00000000e0000000, 0x00000000eb480000, 0x0000000100000000)
  eden space 102912K, 0% used [0x00000000e0000000,0x00000000e0000000,0x00000000e6480000)
  from space 11776K, 0% used [0x00000000e6480000,0x00000000e6480000,0x00000000e7000000)
  to   space 11776K, 0% used [0x00000000ea900000,0x00000000ea900000,0x00000000eb480000)
 ParOldGen       total 162304K, used 16673K [0x00000000a0000000, 0x00000000a9e80000, 0x00000000e0000000)
  object space 162304K, 10% used [0x00000000a0000000,0x00000000a10487c0,0x00000000a9e80000)
 Metaspace       used 34510K, capacity 35302K, committed 35496K, reserved 1079296K
  class space    used 4740K, capacity 4982K, committed 5032K, reserved 1048576K
}
Event: 5.968 GC heap before
{Heap before GC invocations=10 (full 2):
 PSYoungGen      total 114688K, used 102912K [0x00000000e0000000, 0x00000000eb480000, 0x0000000100000000)
  eden space 102912K, 100% used [0x00000000e0000000,0x00000000e6480000,0x00000000e6480000)
  from space 11776K, 0% used [0x00000000e6480000,0x00000000e6480000,0x00000000e7000000)
  to   space 11776K, 0% used [0x00000000ea900000,0x00000000ea900000,0x00000000eb480000)
 ParOldGen       total 162304K, used 16673K [0x00000000a0000000, 0x00000000a9e80000, 0x00000000e0000000)
  object space 162304K, 10% used [0x00000000a0000000,0x00000000a10487c0,0x00000000a9e80000)
 Metaspace       used 43630K, capacity 44782K, committed 44968K, reserved 1087488K
  class space    used 5894K, capacity 6217K, committed 6312K, reserved 1048576K
Event: 5.977 GC heap after
Heap after GC invocations=10 (full 2):
 PSYoungGen      total 152064K, used 11765K [0x00000000e0000000, 0x00000000eb480000, 0x0000000100000000)
  eden space 140288K, 0% used [0x00000000e0000000,0x00000000e0000000,0x00000000e8900000)
  from space 11776K, 99% used [0x00000000ea900000,0x00000000eb47d508,0x00000000eb480000)
  to   space 13312K, 0% used [0x00000000e9a80000,0x00000000e9a80000,0x00000000ea780000)
 ParOldGen       total 162304K, used 17133K [0x00000000a0000000, 0x00000000a9e80000, 0x00000000e0000000)
  object space 162304K, 10% used [0x00000000a0000000,0x00000000a10bb728,0x00000000a9e80000)
 Metaspace       used 43630K, capacity 44782K, committed 44968K, reserved 1087488K
  class space    used 5894K, capacity 6217K, committed 6312K, reserved 1048576K
}

Deoptimization events (10 events):
Event: 6.466 Thread 0x000000001bc33800 Uncommon trap: reason=speculate_class_check action=maybe_recompile pc=0x00000000038083e8 method=com.google.common.collect.AbstractIndexedListIterator.next()Ljava/lang/Object; @ 27
Event: 6.466 Thread 0x000000001bc33800 Uncommon trap: reason=speculate_class_check action=maybe_recompile pc=0x00000000038083e8 method=com.google.common.collect.AbstractIndexedListIterator.next()Ljava/lang/Object; @ 27
Event: 6.481 Thread 0x000000001bc33800 Uncommon trap: reason=unstable_if action=reinterpret pc=0x0000000003a07cb0 method=org.gradle.internal.instantiation.AbstractClassGenerator$InjectionAnnotationValidator.validateMethod(Ljava/lang/reflect/Method;Lorg/gradle/internal/reflect/PropertyAccessorT
Event: 6.481 Thread 0x000000001bc33800 Uncommon trap: reason=unstable_if action=reinterpret pc=0x0000000003a7d744 method=org.gradle.internal.instantiation.AbstractClassGenerator$InjectionAnnotationValidator.validateMethod(Ljava/lang/reflect/Method;Lorg/gradle/internal/reflect/PropertyAccessorT
Event: 6.506 Thread 0x000000001bc33800 Uncommon trap: reason=bimorphic action=maybe_recompile pc=0x00000000035b6d4c method=java.util.AbstractCollection.addAll(Ljava/util/Collection;)Z @ 29
Event: 6.560 Thread 0x000000001bc33800 Uncommon trap: reason=unstable_if action=reinterpret pc=0x0000000002f60f14 method=java.lang.String.replace(CC)Ljava/lang/String; @ 2
Event: 6.563 Thread 0x000000001bc33800 Uncommon trap: reason=bimorphic action=maybe_recompile pc=0x00000000038e6978 method=org.codehaus.groovy.runtime.metaclass.MetaMethodIndex.addMethodToList(Ljava/lang/Object;Lgroovy/lang/MetaMethod;)Ljava/lang/Object; @ 96
Event: 6.563 Thread 0x000000001bc33800 Uncommon trap: reason=unstable_if action=reinterpret pc=0x00000000038b27f8 method=groovy.lang.MetaClassImpl$1MOPIter.methodNameAction(Ljava/lang/Class;Lorg/codehaus/groovy/runtime/metaclass/MetaMethodIndex$Entry;)V @ 182
Event: 6.663 Thread 0x000000001bc33800 Uncommon trap: reason=unstable_if action=reinterpret pc=0x00000000035ca6a4 method=java.lang.String.lastIndexOf([CII[CIII)I @ 17
Event: 6.663 Thread 0x000000001bc33800 Uncommon trap: reason=unstable_if action=reinterpret pc=0x00000000039aacd0 method=sun.net.www.protocol.jar.Handler.parseURL(Ljava/net/URL;Ljava/lang/String;II)V @ 116

Classes redefined (0 events):
No events

Internal exceptions (10 events):
Event: 6.944 Thread 0x000000001bc33800 Exception <a 'java/lang/ClassNotFoundException': org/gradle/api/internal/file/collections/DefaultConfigurableFileTreeCustomizer> (0x00000000e48246b0) thrown at [C:\src\AOSP-openjdk-git\hotspot\src\share\vm\classfile\systemDictionary.cpp, line 210]
Event: 6.958 Thread 0x000000001bc33800 Exception <a 'java/lang/ClassNotFoundException': org/gradle/api/plugins/internal/DefaultBasePluginConventionBeanInfo> (0x00000000e490c088) thrown at [C:\src\AOSP-openjdk-git\hotspot\src\share\vm\classfile\systemDictionary.cpp, line 210]
Event: 6.959 Thread 0x000000001bc33800 Exception <a 'java/lang/ClassNotFoundException': org/gradle/api/plugins/BasePluginConventionBeanInfo> (0x00000000e4957278) thrown at [C:\src\AOSP-openjdk-git\hotspot\src\share\vm\classfile\systemDictionary.cpp, line 210]
Event: 6.961 Thread 0x000000001bc33800 Exception <a 'java/lang/ClassNotFoundException': org/gradle/api/plugins/BasePluginConventionCustomizer> (0x00000000e49a37f8) thrown at [C:\src\AOSP-openjdk-git\hotspot\src\share\vm\classfile\systemDictionary.cpp, line 210]
Event: 6.963 Thread 0x000000001bc33800 Exception <a 'java/lang/ClassNotFoundException': org/gradle/api/plugins/internal/DefaultBasePluginConventionCustomizer> (0x00000000e4a10a08) thrown at [C:\src\AOSP-openjdk-git\hotspot\src\share\vm\classfile\systemDictionary.cpp, line 210]
Event: 6.968 Thread 0x000000001bc33800 Exception <a 'java/lang/ClassNotFoundException': org/gradle/api/plugins/internal/DefaultJavaPluginConventionBeanInfo> (0x00000000e4abebe0) thrown at [C:\src\AOSP-openjdk-git\hotspot\src\share\vm\classfile\systemDictionary.cpp, line 210]
Event: 6.970 Thread 0x000000001bc33800 Exception <a 'java/lang/ClassNotFoundException': org/gradle/api/plugins/JavaPluginConventionBeanInfo> (0x00000000e4b09d50) thrown at [C:\src\AOSP-openjdk-git\hotspot\src\share\vm\classfile\systemDictionary.cpp, line 210]
Event: 6.972 Thread 0x000000001bc33800 Exception <a 'java/lang/ClassNotFoundException': org/gradle/api/plugins/JavaPluginConventionCustomizer> (0x00000000e4b562d0) thrown at [C:\src\AOSP-openjdk-git\hotspot\src\share\vm\classfile\systemDictionary.cpp, line 210]
Event: 6.974 Thread 0x000000001bc33800 Exception <a 'java/lang/ClassNotFoundException': org/gradle/api/plugins/internal/DefaultJavaPluginConventionCustomizer> (0x00000000e4bcf560) thrown at [C:\src\AOSP-openjdk-git\hotspot\src\share\vm\classfile\systemDictionary.cpp, line 210]
Event: 7.311 Thread 0x000000001bc33800 Exception <a 'java/lang/NoSuchMethodError': java.lang.Object.lambda$comparingInt$7b0bb60$1(Ljava/util/function/ToIntFunction;Ljava/lang/Object;Ljava/lang/Object;)I> (0x00000000e562fb60) thrown at [C:\src\AOSP-openjdk-git\hotspot\src\share\vm\interpreter\l

Events (10 events):
Event: 7.386 loading class com/android/build/gradle/internal/scope/VariantScope
Event: 7.386 loading class com/android/build/gradle/internal/scope/VariantScope done
Event: 7.387 loading class com/android/build/gradle/internal/scope/VariantScope
Event: 7.387 loading class com/android/build/gradle/internal/scope/VariantScope done
Event: 7.387 loading class com/android/build/gradle/internal/scope/VariantScope
Event: 7.387 loading class com/android/build/gradle/internal/scope/VariantScope done
Event: 7.387 loading class com/android/build/gradle/internal/scope/VariantScope
Event: 7.387 loading class com/android/build/gradle/internal/scope/VariantScope done
Event: 7.387 loading class com/android/build/gradle/internal/scope/VariantScope
Event: 7.387 loading class com/android/build/gradle/internal/scope/VariantScope done


Dynamic libraries:
0x00007ff6beb80000 - 0x00007ff6bebb1000 	C:\Program Files\Android\Android Studio\jre\bin\java.exe
0x00007ffc73330000 - 0x00007ffc73526000 	C:\WINDOWS\SYSTEM32\ntdll.dll
0x00007ffc72440000 - 0x00007ffc724fd000 	C:\WINDOWS\System32\KERNEL32.DLL
0x00007ffc70a70000 - 0x00007ffc70d39000 	C:\WINDOWS\System32\KERNELBASE.dll
0x00007ffc72fa0000 - 0x00007ffc7304c000 	C:\WINDOWS\System32\ADVAPI32.dll
0x00007ffc723a0000 - 0x00007ffc7243e000 	C:\WINDOWS\System32\msvcrt.dll
0x00007ffc73250000 - 0x00007ffc732ec000 	C:\WINDOWS\System32\sechost.dll
0x00007ffc73120000 - 0x00007ffc7324b000 	C:\WINDOWS\System32\RPCRT4.dll
0x00007ffc72da0000 - 0x00007ffc72f40000 	C:\WINDOWS\System32\USER32.dll
0x00007ffc70d40000 - 0x00007ffc70d62000 	C:\WINDOWS\System32\win32u.dll
0x00007ffc73050000 - 0x00007ffc7307a000 	C:\WINDOWS\System32\GDI32.dll
0x00007ffc71040000 - 0x00007ffc7114b000 	C:\WINDOWS\System32\gdi32full.dll
0x00007ffc70fa0000 - 0x00007ffc7103d000 	C:\WINDOWS\System32\msvcp_win.dll
0x00007ffc70d70000 - 0x00007ffc70e70000 	C:\WINDOWS\System32\ucrtbase.dll
0x00007ffc58180000 - 0x00007ffc5841b000 	C:\WINDOWS\WinSxS\amd64_microsoft.windows.common-controls_6595b64144ccf1df_6.0.19041.746_none_ca02b4b61b8320a4\COMCTL32.dll
0x00007ffc72250000 - 0x00007ffc72280000 	C:\WINDOWS\System32\IMM32.DLL
0x0000000075850000 - 0x0000000075922000 	C:\Program Files\Android\Android Studio\jre\jre\bin\msvcr100.dll
0x0000000074940000 - 0x000000007518b000 	C:\Program Files\Android\Android Studio\jre\jre\bin\server\jvm.dll
0x00007ffc730f0000 - 0x00007ffc730f8000 	C:\WINDOWS\System32\PSAPI.DLL
0x00007ffc5bd30000 - 0x00007ffc5bd39000 	C:\WINDOWS\SYSTEM32\WSOCK32.dll
0x00007ffc6a880000 - 0x00007ffc6a88a000 	C:\WINDOWS\SYSTEM32\VERSION.dll
0x00007ffc585d0000 - 0x00007ffc585f7000 	C:\WINDOWS\SYSTEM32\WINMM.dll
0x00007ffc72b40000 - 0x00007ffc72bab000 	C:\WINDOWS\System32\WS2_32.dll
0x00007ffc4a6c0000 - 0x00007ffc4a6cf000 	C:\Program Files\Android\Android Studio\jre\jre\bin\verify.dll
0x00007ffc34ee0000 - 0x00007ffc34f09000 	C:\Program Files\Android\Android Studio\jre\jre\bin\java.dll
0x00007ffc1c210000 - 0x00007ffc1c226000 	C:\Program Files\Android\Android Studio\jre\jre\bin\zip.dll
0x00007ffc714c0000 - 0x00007ffc71c02000 	C:\WINDOWS\System32\SHELL32.dll
0x00007ffc6ebc0000 - 0x00007ffc6f350000 	C:\WINDOWS\SYSTEM32\windows.storage.dll
0x00007ffc71ef0000 - 0x00007ffc72246000 	C:\WINDOWS\System32\combase.dll
0x00007ffc704d0000 - 0x00007ffc704fc000 	C:\WINDOWS\SYSTEM32\Wldp.dll
0x00007ffc72c60000 - 0x00007ffc72d0e000 	C:\WINDOWS\System32\SHCORE.dll
0x00007ffc72f40000 - 0x00007ffc72f95000 	C:\WINDOWS\System32\shlwapi.dll
0x00007ffc709a0000 - 0x00007ffc709c6000 	C:\WINDOWS\SYSTEM32\profapi.dll
0x00007ffc17330000 - 0x00007ffc1734a000 	C:\Program Files\Android\Android Studio\jre\jre\bin\net.dll
0x00007ffc70250000 - 0x00007ffc702ba000 	C:\WINDOWS\system32\mswsock.dll
0x00007ffc03f70000 - 0x00007ffc03f83000 	C:\Program Files\Android\Android Studio\jre\jre\bin\nio.dll
0x00007ffc6b750000 - 0x00007ffc6b776000 	C:\Users\HP\.gradle\native\30\windows-amd64\native-platform.dll
0x00007ffc46460000 - 0x00007ffc4646d000 	C:\Program Files\Android\Android Studio\jre\jre\bin\management.dll
0x00007ffc70420000 - 0x00007ffc70438000 	C:\WINDOWS\SYSTEM32\CRYPTSP.dll
0x00007ffc6fb80000 - 0x00007ffc6fbb4000 	C:\WINDOWS\system32\rsaenh.dll
0x00007ffc70f70000 - 0x00007ffc70f97000 	C:\WINDOWS\System32\bcrypt.dll
0x00007ffc70920000 - 0x00007ffc7094e000 	C:\WINDOWS\SYSTEM32\USERENV.dll
0x00007ffc712b0000 - 0x00007ffc71330000 	C:\WINDOWS\System32\bcryptprimitives.dll
0x00007ffc70440000 - 0x00007ffc7044c000 	C:\WINDOWS\SYSTEM32\CRYPTBASE.dll
0x00007ffc6fef0000 - 0x00007ffc6ff2b000 	C:\WINDOWS\SYSTEM32\IPHLPAPI.DLL
0x00007ffc72560000 - 0x00007ffc72568000 	C:\WINDOWS\System32\NSI.dll
0x00007ffc697c0000 - 0x00007ffc697d7000 	C:\WINDOWS\SYSTEM32\dhcpcsvc6.DLL
0x00007ffc69ee0000 - 0x00007ffc69efd000 	C:\WINDOWS\SYSTEM32\dhcpcsvc.DLL
0x00007ffc6ff30000 - 0x00007ffc6fffb000 	C:\WINDOWS\SYSTEM32\DNSAPI.dll

VM Arguments:
jvm_args: -Xmx1536m -Dfile.encoding=windows-1252 -Duser.country=US -Duser.language=en -Duser.variant 
java_command: org.gradle.launcher.daemon.bootstrap.GradleDaemon 5.6.4
java_class_path (initial): C:\Users\HP\.gradle\wrapper\dists\gradle-5.6.4-all\ankdp27end7byghfw1q2sw75f\gradle-5.6.4\lib\gradle-launcher-5.6.4.jar
Launcher Type: SUN_STANDARD

Environment Variables:
PATH=C:\Program Files (x86)\Common Files\Intel\Shared Libraries\redist\intel64\compiler;C:\WINDOWS\system32;C:\WINDOWS;C:\WINDOWS\System32\Wbem;C:\WINDOWS\System32\WindowsPowerShell\v1.0\;C:\WINDOWS\System32\OpenSSH\;C:\Program Files (x86)\NVIDIA Corporation\PhysX\Common;C:\Program Files\NVIDIA Corporation\NVIDIA NvDLISR;C:\Program Files\nodejs\;C:\xampp\php;C:\ProgramData\ComposerSetup\bin;C:\Program Files\Git\cmd;C:\Go\bin;C:\flutter\bin;C:\Users\HP\AppData\Local\Programs\Python\Python39\Scripts\;C:\Users\HP\AppData\Local\Programs\Python\Python39\;C:\Users\HP\AppData\Local\Microsoft\WindowsApps;C:\Users\HP\AppData\Local\Programs\Microsoft VS Code\bin;C:\Users\HP\AppData\Roaming\npm;C:\Users\HP\AppData\Roaming\Composer\vendor\bin;C:\Users\HP\go\bin;C:\adb;C:\Users\HP\AppData\Local\Programs\Python\Python39\Scripts\;C:\Users\HP\AppData\Local\Programs\Python\Python39\;C:\Users\HP\AppData\Local\Microsoft\WindowsApps;C:\Users\HP\AppData\Local\Programs\Microsoft VS Code\bin;C:\Users\HP\AppData\Roaming\npm;C:\Users\HP\AppData\Roaming\Composer\vendor\bin;C:\Users\HP\go\bin;C:\flutter\bin;
USERNAME=HP
OS=Windows_NT
PROCESSOR_IDENTIFIER=Intel64 Family 6 Model 165 Stepping 2, GenuineIntel



---------------  S Y S T E M  ---------------

OS: Windows 10.0 , 64 bit Build 19041 (10.0.19041.804)

CPU:total 12 (initial active 12) (6 cores per cpu, 2 threads per core) family 6 model 165 stepping 2, cmov, cx8, fxsr, mmx, sse, sse2, sse3, ssse3, sse4.1, sse4.2, popcnt, avx, avx2, aes, clmul, erms, 3dnowpref, lzcnt, ht, tsc, tscinvbit, bmi1, bmi2, adx

Memory: 4k page, physical 16573620k(854108k free), swap 47734448k(6020k free)

vm_info: OpenJDK 64-Bit Server VM (25.242-b01) for windows-amd64 JRE (1.8.0_242-release-1644-b01), built by "builder" with MS VC++ 10.0 (VS2010)

time: Mon Feb 22 14:02:58 2021
timezone: SE Asia Standard Time
elapsed time: 7 seconds (0d 0h 0m 7s)

